[2019-03-14 10:21:50.219990] INFO: jiekou: 当前模块 解析测试用例文件
[2019-03-14 10:21:50.222001] INFO: jiekou: 全部args参数参数信息 , ('F:\\PyCharmProject\\Kentra\\jiekou_python3\\test_case_data\\Text_Case.xlsx',)
[2019-03-14 10:21:50.222996] INFO: jiekou: 全部kwargs参数信息 , {}
[2019-03-14 10:21:50.225985] INFO: jiekou: 当前模块 解析测试用例文件
[2019-03-14 10:21:50.226993] INFO: jiekou: 全部args参数参数信息 , ('F:\\PyCharmProject\\Kentra\\jiekou_python3\\test_case_data\\Text_Case.xlsx',)
[2019-03-14 10:21:50.227984] INFO: jiekou: 全部kwargs参数信息 , {}
[2019-03-14 10:21:50.229983] INFO: jiekou: 当前模块 测试
[2019-03-14 10:21:50.229983] INFO: jiekou: 全部args参数参数信息 , ()
[2019-03-14 10:21:50.231983] INFO: jiekou: 全部kwargs参数信息 , {}
[2019-03-14 10:21:50.259933] INFO: jiekou: inputdata>> 参数:{"OrderCode":"1002","ShipperCode":"SF","LogisticCode":"118652124588863"}, url:/do/extra, 返回:{'code': '200', 'result': {'code': '200', 'msg': 'ok', 'result': '操作成功', 'EBusinessId': '11092531', 'OrderCode': '1002', 'ShipperCode': 'SF', 'LogisticCode': '118652124588863', 'Success': True, 'State': 3, 'Reason': None, 'data': {'msg': '你的快递信息查询成功', 'expr': 'SF'}, 'Traces': [{'AcceptTime': '', 'AcceptStation': '', 'Remark': None}, {'AcceptTime': '2018/06/25 08:05:37', 'AcceptStation': '正在派件..(派件人:邓裕富,电话:18718866310)[深圳 市]', 'Remark': None}, {'AcceptTime': '2018/06/25 10:01:28', 'AcceptStation': '快件在 深圳集散中心 ,准备送往下一站 深圳 [深圳市]', 'Remark': None}, {'AcceptTime': '2018/06/25 17:41:06', 'AcceptStation': '快件在 深圳集散中心 [深圳市]', 'Remark': None}, {'AcceptTime': '2018/06/26 09:41:06', 'AcceptStation': '已收件[深圳市]', 'Remark': None}, {'AcceptTime': '2018/06/26 10:05:06', 'AcceptStation': '拣货完成', 'Remark': None}, {'AcceptTime': '2018/06/26 09:41:07', 'AcceptStation': '扫描完成', 'Remark': None}, {'AcceptTime': '2018/06/26 09:43:06', 'AcceptStation': '打包完成', 'Remark': None}, {'AcceptTime': '2018/06/26 09:43:50', 'AcceptStation': '您的订单在[深圳市]集散中心分拣完成', 'Remark': None}, {'AcceptTime': '2018/06/26 10:43:06', 'AcceptStation': '您的订单在[深圳市]送往[四川省成都市青白江集散中心]', 'Remark': None}, {'AcceptTime': '2018/06/29 10:43:06', 'AcceptStation': '您的订单已到达[四川省成都市青白江集散中心]', 'Remark': None}, {'AcceptTime': '2018/06/29 15:43:06', 'AcceptStation': '您的订单在[四川省成都市青白江集散中心]送往[成都市应龙路分拣中心]', 'Remark': None}, {'AcceptTime': '2018/06/29 23:43:06', 'AcceptStation': '您的订单已到达[成都市应龙路分拣中心]', 'Remark': None}, {'AcceptTime': '2018/06/30 09:13:06', 'AcceptStation': '您的订单在正在配送中（派件人:黄日华,电话:18918866310，请您准备签收）', 'Remark': None}, {'AcceptTime': '2018/06/30 11:41:21', 'AcceptStation': '您的订单已完成配送', 'Remark': None}]}}, 预期:code=200
[2019-03-14 10:21:50.263740] INFO: jiekou: 期望的返回值是：code=200, 类型：<class 'str'>
[2019-03-14 10:21:50.265732] INFO: jiekou: 接口返回的实际值是：{'code': '200', 'result': {'code': '200', 'msg': 'ok', 'result': '操作成功', 'EBusinessId': '11092531', 'OrderCode': '1002', 'ShipperCode': 'SF', 'LogisticCode': '118652124588863', 'Success': True, 'State': 3, 'Reason': None, 'data': {'msg': '你的快递信息查询成功', 'expr': 'SF'}, 'Traces': [{'AcceptTime': '', 'AcceptStation': '', 'Remark': None}, {'AcceptTime': '2018/06/25 08:05:37', 'AcceptStation': '正在派件..(派件人:邓裕富,电话:18718866310)[深圳 市]', 'Remark': None}, {'AcceptTime': '2018/06/25 10:01:28', 'AcceptStation': '快件在 深圳集散中心 ,准备送往下一站 深圳 [深圳市]', 'Remark': None}, {'AcceptTime': '2018/06/25 17:41:06', 'AcceptStation': '快件在 深圳集散中心 [深圳市]', 'Remark': None}, {'AcceptTime': '2018/06/26 09:41:06', 'AcceptStation': '已收件[深圳市]', 'Remark': None}, {'AcceptTime': '2018/06/26 10:05:06', 'AcceptStation': '拣货完成', 'Remark': None}, {'AcceptTime': '2018/06/26 09:41:07', 'AcceptStation': '扫描完成', 'Remark': None}, {'AcceptTime': '2018/06/26 09:43:06', 'AcceptStation': '打包完成', 'Remark': None}, {'AcceptTime': '2018/06/26 09:43:50', 'AcceptStation': '您的订单在[深圳市]集散中心分拣完成', 'Remark': None}, {'AcceptTime': '2018/06/26 10:43:06', 'AcceptStation': '您的订单在[深圳市]送往[四川省成都市青白江集散中心]', 'Remark': None}, {'AcceptTime': '2018/06/29 10:43:06', 'AcceptStation': '您的订单已到达[四川省成都市青白江集散中心]', 'Remark': None}, {'AcceptTime': '2018/06/29 15:43:06', 'AcceptStation': '您的订单在[四川省成都市青白江集散中心]送往[成都市应龙路分拣中心]', 'Remark': None}, {'AcceptTime': '2018/06/29 23:43:06', 'AcceptStation': '您的订单已到达[成都市应龙路分拣中心]', 'Remark': None}, {'AcceptTime': '2018/06/30 09:13:06', 'AcceptStation': '您的订单在正在配送中（派件人:黄日华,电话:18918866310，请您准备签收）', 'Remark': None}, {'AcceptTime': '2018/06/30 11:41:21', 'AcceptStation': '您的订单已完成配送', 'Remark': None}]}}
[2019-03-14 10:21:50.266733] INFO: jiekou: 当前模块 断言测试结果
[2019-03-14 10:21:50.267733] INFO: jiekou: 全部args参数参数信息 , ()
[2019-03-14 10:21:50.268732] INFO: jiekou: 全部kwargs参数信息 , {'asserqiwang': 'code=200', 'fanhuijson': {'code': '200', 'result': {'code': '200', 'msg': 'ok', 'result': '操作成功', 'EBusinessId': '11092531', 'OrderCode': '1002', 'ShipperCode': 'SF', 'LogisticCode': '118652124588863', 'Success': True, 'State': 3, 'Reason': None, 'data': {'msg': '你的快递信息查询成功', 'expr': 'SF'}, 'Traces': [{'AcceptTime': '', 'AcceptStation': '', 'Remark': None}, {'AcceptTime': '2018/06/25 08:05:37', 'AcceptStation': '正在派件..(派件人:邓裕富,电话:18718866310)[深圳 市]', 'Remark': None}, {'AcceptTime': '2018/06/25 10:01:28', 'AcceptStation': '快件在 深圳集散中心 ,准备送往下一站 深圳 [深圳市]', 'Remark': None}, {'AcceptTime': '2018/06/25 17:41:06', 'AcceptStation': '快件在 深圳集散中心 [深圳市]', 'Remark': None}, {'AcceptTime': '2018/06/26 09:41:06', 'AcceptStation': '已收件[深圳市]', 'Remark': None}, {'AcceptTime': '2018/06/26 10:05:06', 'AcceptStation': '拣货完成', 'Remark': None}, {'AcceptTime': '2018/06/26 09:41:07', 'AcceptStation': '扫描完成', 'Remark': None}, {'AcceptTime': '2018/06/26 09:43:06', 'AcceptStation': '打包完成', 'Remark': None}, {'AcceptTime': '2018/06/26 09:43:50', 'AcceptStation': '您的订单在[深圳市]集散中心分拣完成', 'Remark': None}, {'AcceptTime': '2018/06/26 10:43:06', 'AcceptStation': '您的订单在[深圳市]送往[四川省成都市青白江集散中心]', 'Remark': None}, {'AcceptTime': '2018/06/29 10:43:06', 'AcceptStation': '您的订单已到达[四川省成都市青白江集散中心]', 'Remark': None}, {'AcceptTime': '2018/06/29 15:43:06', 'AcceptStation': '您的订单在[四川省成都市青白江集散中心]送往[成都市应龙路分拣中心]', 'Remark': None}, {'AcceptTime': '2018/06/29 23:43:06', 'AcceptStation': '您的订单已到达[成都市应龙路分拣中心]', 'Remark': None}, {'AcceptTime': '2018/06/30 09:13:06', 'AcceptStation': '您的订单在正在配送中（派件人:黄日华,电话:18918866310，请您准备签收）', 'Remark': None}, {'AcceptTime': '2018/06/30 11:41:21', 'AcceptStation': '您的订单已完成配送', 'Remark': None}]}}}
[2019-03-14 10:21:50.269731] INFO: jiekou: 实际返回的值：['200']
[2019-03-14 10:21:50.269731] INFO: jiekou: 期望得到的结果：['200']
[2019-03-14 10:21:50.270730] INFO: jiekou: ---------------------------------------------------------------------------------------------
[2019-03-14 10:21:50.270730] INFO: jiekou: 期望结果 code=200；测试用例中期望结果的类型：<class 'str'>
[2019-03-14 10:21:50.273727] INFO: jiekou: 接口返回的结果 {'code': '200', 'result': {'code': '200', 'msg': 'ok', 'result': '操作成功', 'EBusinessId': '11092531', 'OrderCode': '1002', 'ShipperCode': 'SF', 'LogisticCode': '118652124588863', 'Success': True, 'State': 3, 'Reason': None, 'data': {'msg': '你的快递信息查询成功', 'expr': 'SF'}, 'Traces': [{'AcceptTime': '', 'AcceptStation': '', 'Remark': None}, {'AcceptTime': '2018/06/25 08:05:37', 'AcceptStation': '正在派件..(派件人:邓裕富,电话:18718866310)[深圳 市]', 'Remark': None}, {'AcceptTime': '2018/06/25 10:01:28', 'AcceptStation': '快件在 深圳集散中心 ,准备送往下一站 深圳 [深圳市]', 'Remark': None}, {'AcceptTime': '2018/06/25 17:41:06', 'AcceptStation': '快件在 深圳集散中心 [深圳市]', 'Remark': None}, {'AcceptTime': '2018/06/26 09:41:06', 'AcceptStation': '已收件[深圳市]', 'Remark': None}, {'AcceptTime': '2018/06/26 10:05:06', 'AcceptStation': '拣货完成', 'Remark': None}, {'AcceptTime': '2018/06/26 09:41:07', 'AcceptStation': '扫描完成', 'Remark': None}, {'AcceptTime': '2018/06/26 09:43:06', 'AcceptStation': '打包完成', 'Remark': None}, {'AcceptTime': '2018/06/26 09:43:50', 'AcceptStation': '您的订单在[深圳市]集散中心分拣完成', 'Remark': None}, {'AcceptTime': '2018/06/26 10:43:06', 'AcceptStation': '您的订单在[深圳市]送往[四川省成都市青白江集散中心]', 'Remark': None}, {'AcceptTime': '2018/06/29 10:43:06', 'AcceptStation': '您的订单已到达[四川省成都市青白江集散中心]', 'Remark': None}, {'AcceptTime': '2018/06/29 15:43:06', 'AcceptStation': '您的订单在[四川省成都市青白江集散中心]送往[成都市应龙路分拣中心]', 'Remark': None}, {'AcceptTime': '2018/06/29 23:43:06', 'AcceptStation': '您的订单已到达[成都市应龙路分拣中心]', 'Remark': None}, {'AcceptTime': '2018/06/30 09:13:06', 'AcceptStation': '您的订单在正在配送中（派件人:黄日华,电话:18918866310，请您准备签收）', 'Remark': None}, {'AcceptTime': '2018/06/30 11:41:21', 'AcceptStation': '您的订单已完成配送', 'Remark': None}]}}
[2019-03-14 10:21:50.275727] INFO: jiekou: 断言结果：{'code': 200, 'result': 'pass'}
[2019-03-14 10:21:50.275727] INFO: jiekou: ---------------------------------------------------------------------------------------------
[2019-03-14 10:21:50.361552] INFO: jiekou: inputdata>> 参数:{"lat":"30.544353","lon":"104.074007"}, url:/do/location, 返回:{'code': '200', 'result': {'code': '200', 'msg': 'ok', 'result': '操作成功', 'location': {'province': '四川', 'city': '成都', 'area': '高新区', 'address': '成都市武侯区世纪城南路156号附近'}}}, 预期:code=200
[2019-03-14 10:21:50.363551] INFO: jiekou: 期望的返回值是：code=200, 类型：<class 'str'>
[2019-03-14 10:21:50.363551] INFO: jiekou: 接口返回的实际值是：{'code': '200', 'result': {'code': '200', 'msg': 'ok', 'result': '操作成功', 'location': {'province': '四川', 'city': '成都', 'area': '高新区', 'address': '成都市武侯区世纪城南路156号附近'}}}
[2019-03-14 10:21:50.364550] INFO: jiekou: 当前模块 断言测试结果
[2019-03-14 10:21:50.365550] INFO: jiekou: 全部args参数参数信息 , ()
[2019-03-14 10:21:50.366548] INFO: jiekou: 全部kwargs参数信息 , {'asserqiwang': 'code=200', 'fanhuijson': {'code': '200', 'result': {'code': '200', 'msg': 'ok', 'result': '操作成功', 'location': {'province': '四川', 'city': '成都', 'area': '高新区', 'address': '成都市武侯区世纪城南路156号附近'}}}}
[2019-03-14 10:21:50.366548] INFO: jiekou: 实际返回的值：['200']
[2019-03-14 10:21:50.367548] INFO: jiekou: 期望得到的结果：['200']
[2019-03-14 10:21:50.368548] INFO: jiekou: ---------------------------------------------------------------------------------------------
[2019-03-14 10:21:50.369548] INFO: jiekou: 期望结果 code=200；测试用例中期望结果的类型：<class 'str'>
[2019-03-14 10:21:50.369548] INFO: jiekou: 接口返回的结果 {'code': '200', 'result': {'code': '200', 'msg': 'ok', 'result': '操作成功', 'location': {'province': '四川', 'city': '成都', 'area': '高新区', 'address': '成都市武侯区世纪城南路156号附近'}}}
[2019-03-14 10:21:50.370548] INFO: jiekou: 断言结果：{'code': 200, 'result': 'pass'}
[2019-03-14 10:21:50.370548] INFO: jiekou: ---------------------------------------------------------------------------------------------
